<?xml version="1.0" encoding="UTF-8"?>
<!-- Generated by org.testng.reporters.JUnitXMLReporter -->
<testsuite ignored="4" hostname="C02YX249LVCG" failures="0" tests="1" name="Default test" time="15.248" errors="0" timestamp="22 Nov 2022 17:19:44 GMT">
  <testcase classname="com.training.test.RandomScenariosTest" name="TC37BlockingAnEventWithWeeklyReOccurence" time="12.57"/>
  <testcase classname="com.training.test.RandomScenariosTest" name="Test34VerifyTheUpdatedLastName" time="0.0">
    <ignored/>
  </testcase> <!-- Test34VerifyTheUpdatedLastName -->
  <testcase classname="com.training.test.RandomScenariosTest" name="Test35VerifyTabCustomization" time="0.0">
    <ignored/>
  </testcase> <!-- Test35VerifyTabCustomization -->
  <testcase classname="com.training.test.RandomScenariosTest" name="Test36BlockingAnEventInCalender" time="0.0">
    <ignored/>
  </testcase> <!-- Test36BlockingAnEventInCalender -->
  <testcase classname="com.training.test.RandomScenariosTest" name="Test33VerifyUsernameLinkOnHomePage" time="0.0">
    <ignored/>
  </testcase> <!-- Test33VerifyUsernameLinkOnHomePage -->
</testsuite> <!-- Default test -->
