<?xml version="1.0" encoding="UTF-8"?>
<testng-results ignored="4" total="5" passed="1" failed="0" skipped="0">
  <reporter-output>
  </reporter-output>
  <suite started-at="2022-11-22T17:19:29Z" name="Default suite" finished-at="2022-11-22T17:19:44Z" duration-ms="15248">
    <groups>
    </groups>
    <test started-at="2022-11-22T17:19:29Z" name="Default test" finished-at="2022-11-22T17:19:44Z" duration-ms="15248">
      <class name="com.training.test.RandomScenariosTest">
        <test-method is-config="true" signature="beforemethod()[pri:0, instance:com.training.test.RandomScenariosTest@1a6d8329]" started-at="2022-11-22T17:19:29Z" name="beforemethod" finished-at="2022-11-22T17:19:31Z" duration-ms="2086" status="PASS">
          <reporter-output>
          </reporter-output>
        </test-method> <!-- beforemethod -->
        <test-method signature="TC37BlockingAnEventWithWeeklyReOccurence()[pri:0, instance:com.training.test.RandomScenariosTest@1a6d8329]" started-at="2022-11-22T17:19:31Z" name="TC37BlockingAnEventWithWeeklyReOccurence" finished-at="2022-11-22T17:19:44Z" duration-ms="12570" status="PASS">
          <reporter-output>
          </reporter-output>
        </test-method> <!-- TC37BlockingAnEventWithWeeklyReOccurence -->
        <test-method is-config="true" signature="teardown()[pri:0, instance:com.training.test.RandomScenariosTest@1a6d8329]" started-at="2022-11-22T17:19:44Z" name="teardown" finished-at="2022-11-22T17:19:44Z" duration-ms="577" status="PASS">
          <reporter-output>
          </reporter-output>
        </test-method> <!-- teardown -->
      </class> <!-- com.training.test.RandomScenariosTest -->
    </test> <!-- Default test -->
  </suite> <!-- Default suite -->
</testng-results>
